<?xml version="1.0" encoding="UTF-8"?>
<testsuite name="com.example.myapplication.ExampleUnitTest" tests="1" skipped="0" failures="0" errors="0" timestamp="2022-08-23T17:03:22" hostname="anujdagade-android-2ue6x6kzdcb" time="0.041">
  <properties/>
  <testcase name="addition_isCorrect" classname="com.example.myapplication.ExampleUnitTest" time="0.041"/>
  <system-out><![CDATA[]]></system-out>
  <system-err><![CDATA[]]></system-err>
</testsuite>
